生成启动时间为 2014/4/25 15:54:07。
     1>项目“E:\课件\密码学\第二次实验\源代码\DesDemo\DesDemo\DesDemo.vcxproj”在节点 2 上(Rebuild 个目标)。
     1>ClCompile:
         F:\VS2013\VC\bin\CL.exe /c /ZI /nologo /W3 /WX- /sdl /Od /Oy- /D WIN32 /D _DEBUG /D _CONSOLE /D _LIB /D _UNICODE /D UNICODE /Gm /EHsc /RTC1 /MDd /GS /fp:precise /Zc:wchar_t /Zc:forScope /Yc"stdafx.h" /Fp"Debug\DesDemo.pch" /Fo"Debug\\" /Fd"Debug\vc120.pdb" /Gd /TP /analyze- /errorReport:prompt stdafx.cpp
         stdafx.cpp
         F:\VS2013\VC\bin\CL.exe /c /ZI /nologo /W3 /WX- /sdl /Od /Oy- /D WIN32 /D _DEBUG /D _CONSOLE /D _LIB /D _UNICODE /D UNICODE /Gm /EHsc /RTC1 /MDd /GS /fp:precise /Zc:wchar_t /Zc:forScope /Yu"stdafx.h" /Fp"Debug\DesDemo.pch" /Fo"Debug\\" /Fd"Debug\vc120.pdb" /Gd /TP /analyze- /errorReport:prompt DesDemo.cpp globle.cpp Input16.cpp KeyExt.cpp RoundFuncton.cpp S_Box.cpp
         S_Box.cpp
         RoundFuncton.cpp
         KeyExt.cpp
         Input16.cpp
         globle.cpp
         DesDemo.cpp
         正在生成代码...
       Link:
         F:\VS2013\VC\bin\link.exe /ERRORREPORT:PROMPT /OUT:"E:\课件\密码学\第二次实验\源代码\DesDemo\Debug\DesDemo.exe" /INCREMENTAL /NOLOGO kernel32.lib user32.lib gdi32.lib winspool.lib comdlg32.lib advapi32.lib shell32.lib ole32.lib oleaut32.lib uuid.lib odbc32.lib odbccp32.lib /MANIFEST /MANIFESTUAC:"level='asInvoker' uiAccess='false'" /manifest:embed /DEBUG /PDB:"E:\课件\密码学\第二次实验\源代码\DesDemo\Debug\DesDemo.pdb" /SUBSYSTEM:CONSOLE /TLBID:1 /DYNAMICBASE /NXCOMPAT /IMPLIB:"E:\课件\密码学\第二次实验\源代码\DesDemo\Debug\DesDemo.lib" /MACHINE:X86 Debug\DesDemo.obj
         Debug\globle.obj
         Debug\Input16.obj
         Debug\KeyExt.obj
         Debug\RoundFuncton.obj
         Debug\stdafx.obj
         Debug\S_Box.obj
         DesDemo.vcxproj -> E:\课件\密码学\第二次实验\源代码\DesDemo\Debug\DesDemo.exe
     1>已完成生成项目“E:\课件\密码学\第二次实验\源代码\DesDemo\DesDemo\DesDemo.vcxproj”(Rebuild 个目标)的操作。

生成成功。

已用时间 00:00:06.75
